<?xml version="1.0" encoding="UTF-8"?>
<!-- Generated by org.testng.reporters.JUnitXMLReporter -->
<testsuite ignored="0" hostname="DESKTOP-H7U3H9L" failures="0" tests="6" name="Default test" time="44.692" errors="0" timestamp="2024-11-28T15:39:25 IST">
  <testcase classname="TestScript.Testcase01" name="usn" time="0.322"/>
  <testcase classname="TestScript.Testcase02" name="pwd" time="0.318"/>
  <testcase classname="TestScript.Testcase03" name="title" time="0.027"/>
  <testcase classname="TestScript.Testcase04" name="loginbtn" time="0.533"/>
  <testcase classname="TestScript.Testcase05" name="url" time="0.028"/>
  <testcase classname="TestScript.Testcase06" name="pagesource" time="0.124"/>
</testsuite> <!-- Default test -->
